<?xml version="1.0" encoding="UTF-8"?>
<testng-results ignored="0" total="1" passed="0" failed="1" skipped="0">
  <reporter-output>
  </reporter-output>
  <suite started-at="2023-04-03T23:27:23 IST" name="Default suite" finished-at="2023-04-03T23:27:25 IST" duration-ms="1684">
    <groups>
    </groups>
    <test started-at="2023-04-03T23:27:23 IST" name="Default test" finished-at="2023-04-03T23:27:25 IST" duration-ms="1684">
      <class name="mobileautomation.Appium.E_Commerce_TestCase_3">
        <test-method signature="fillForm()[pri:0, instance:mobileautomation.Appium.E_Commerce_TestCase_3@5d0bf09b]" started-at="2023-04-03T23:27:23 IST" name="fillForm" finished-at="2023-04-03T23:27:25 IST" duration-ms="1639" status="FAIL">
          <exception class="org.openqa.selenium.SessionNotCreatedException">
            <message>
              <![CDATA[Could not start a new session. Response code 500. Message: An unknown server-side error occurred while processing the command. Original error: Error executing adbExec. Original error: 'Command '/Users/saibrahma.mutcherla/Library/Android/sdk/platform-tools/adb -P 5037 -s emulator-5554 shell 'settings delete global hidden_api_policy_pre_p_apps;settings delete global hidden_api_policy_p_apps;settings delete global hidden_api_policy'' exited with code 2'; Command output: cmd: Failure calling service settings: Failed transaction (2147483646)
cmd: Failure calling service settings: Failed transaction (2147483646)
cmd: Failure calling service settings: Failed transaction (2147483646)
 
Host info: host: 'ATMECSINLT-773.local', ip: 'fe80:0:0:0:1066:194a:d4b1:4c36%en0'
Build info: version: '4.8.3', revision: 'e5e76298c3'
System info: os.name: 'Mac OS X', os.arch: 'x86_64', os.version: '13.2.1', java.version: '11.0.18'
Driver info: io.appium.java_client.android.AndroidDriver
Command: [null, newSession {capabilities=[{appium:app=//Users//saibrahma.mutcherla//git//AppiumLearnings//Appium//src//test//java//resources//General-Store.apk, appium:automationName=UIAutomator2, appium:deviceName=Pixel 4, appium:noReset=false, platformName=ANDROID}], desiredCapabilities=Capabilities {app: //Users//saibrahma.mutcherl..., automationName: UIAutomator2, deviceName: Pixel 4, noReset: false, platformName: ANDROID}}]
Capabilities {app: //Users//saibrahma.mutcherl..., automationName: UIAutomator2, deviceName: Pixel 4, noReset: false, platformName: ANDROID}]]>
            </message>
            <full-stacktrace>
              <![CDATA[org.openqa.selenium.SessionNotCreatedException: Could not start a new session. Response code 500. Message: An unknown server-side error occurred while processing the command. Original error: Error executing adbExec. Original error: 'Command '/Users/saibrahma.mutcherla/Library/Android/sdk/platform-tools/adb -P 5037 -s emulator-5554 shell 'settings delete global hidden_api_policy_pre_p_apps;settings delete global hidden_api_policy_p_apps;settings delete global hidden_api_policy'' exited with code 2'; Command output: cmd: Failure calling service settings: Failed transaction (2147483646)
cmd: Failure calling service settings: Failed transaction (2147483646)
cmd: Failure calling service settings: Failed transaction (2147483646)
 
Host info: host: 'ATMECSINLT-773.local', ip: 'fe80:0:0:0:1066:194a:d4b1:4c36%en0'
Build info: version: '4.8.3', revision: 'e5e76298c3'
System info: os.name: 'Mac OS X', os.arch: 'x86_64', os.version: '13.2.1', java.version: '11.0.18'
Driver info: io.appium.java_client.android.AndroidDriver
Command: [null, newSession {capabilities=[{appium:app=//Users//saibrahma.mutcherla//git//AppiumLearnings//Appium//src//test//java//resources//General-Store.apk, appium:automationName=UIAutomator2, appium:deviceName=Pixel 4, appium:noReset=false, platformName=ANDROID}], desiredCapabilities=Capabilities {app: //Users//saibrahma.mutcherl..., automationName: UIAutomator2, deviceName: Pixel 4, noReset: false, platformName: ANDROID}}]
Capabilities {app: //Users//saibrahma.mutcherl..., automationName: UIAutomator2, deviceName: Pixel 4, noReset: false, platformName: ANDROID}
at org.openqa.selenium.remote.ProtocolHandshake.createSession(ProtocolHandshake.java:148)
at java.base/jdk.internal.reflect.NativeMethodAccessorImpl.invoke0(Native Method)
at java.base/jdk.internal.reflect.NativeMethodAccessorImpl.invoke(NativeMethodAccessorImpl.java:62)
at java.base/jdk.internal.reflect.DelegatingMethodAccessorImpl.invoke(DelegatingMethodAccessorImpl.java:43)
at java.base/java.lang.reflect.Method.invoke(Method.java:566)
at io.appium.java_client.remote.AppiumProtocolHandshake.createSession(AppiumProtocolHandshake.java:133)
at io.appium.java_client.remote.AppiumProtocolHandshake.createSession(AppiumProtocolHandshake.java:102)
at io.appium.java_client.remote.AppiumCommandExecutor.createSession(AppiumCommandExecutor.java:194)
at io.appium.java_client.remote.AppiumCommandExecutor.execute(AppiumCommandExecutor.java:262)
at org.openqa.selenium.remote.RemoteWebDriver.execute(RemoteWebDriver.java:543)
at io.appium.java_client.AppiumDriver.startSession(AppiumDriver.java:229)
at org.openqa.selenium.remote.RemoteWebDriver.<init>(RemoteWebDriver.java:157)
at io.appium.java_client.AppiumDriver.<init>(AppiumDriver.java:80)
at io.appium.java_client.AppiumDriver.<init>(AppiumDriver.java:92)
at io.appium.java_client.android.AndroidDriver.<init>(AndroidDriver.java:117)
at mobileautomation.Appium.BaseTest.setup(BaseTest.java:35)
at mobileautomation.Appium.E_Commerce_TestCase_3.fillForm(E_Commerce_TestCase_3.java:19)
at java.base/jdk.internal.reflect.NativeMethodAccessorImpl.invoke0(Native Method)
at java.base/jdk.internal.reflect.NativeMethodAccessorImpl.invoke(NativeMethodAccessorImpl.java:62)
at java.base/jdk.internal.reflect.DelegatingMethodAccessorImpl.invoke(DelegatingMethodAccessorImpl.java:43)
at java.base/java.lang.reflect.Method.invoke(Method.java:566)
at org.testng.internal.invokers.MethodInvocationHelper.invokeMethod(MethodInvocationHelper.java:139)
at org.testng.internal.invokers.TestInvoker.invokeMethod(TestInvoker.java:677)
at org.testng.internal.invokers.TestInvoker.invokeTestMethod(TestInvoker.java:221)
at org.testng.internal.invokers.MethodRunner.runInSequence(MethodRunner.java:50)
at org.testng.internal.invokers.TestInvoker$MethodInvocationAgent.invoke(TestInvoker.java:969)
at org.testng.internal.invokers.TestInvoker.invokeTestMethods(TestInvoker.java:194)
at org.testng.internal.invokers.TestMethodWorker.invokeTestMethods(TestMethodWorker.java:148)
at org.testng.internal.invokers.TestMethodWorker.run(TestMethodWorker.java:128)
at java.base/java.util.ArrayList.forEach(ArrayList.java:1541)
at org.testng.TestRunner.privateRun(TestRunner.java:829)
at org.testng.TestRunner.run(TestRunner.java:602)
at org.testng.SuiteRunner.runTest(SuiteRunner.java:437)
at org.testng.SuiteRunner.runSequentially(SuiteRunner.java:431)
at org.testng.SuiteRunner.privateRun(SuiteRunner.java:391)
at org.testng.SuiteRunner.run(SuiteRunner.java:330)
at org.testng.SuiteRunnerWorker.runSuite(SuiteRunnerWorker.java:52)
at org.testng.SuiteRunnerWorker.run(SuiteRunnerWorker.java:95)
at org.testng.TestNG.runSuitesSequentially(TestNG.java:1256)
at org.testng.TestNG.runSuitesLocally(TestNG.java:1176)
at org.testng.TestNG.runSuites(TestNG.java:1099)
at org.testng.TestNG.run(TestNG.java:1067)
at org.testng.remote.AbstractRemoteTestNG.run(AbstractRemoteTestNG.java:115)
at org.testng.remote.RemoteTestNG.initAndRun(RemoteTestNG.java:251)
at org.testng.remote.RemoteTestNG.main(RemoteTestNG.java:77)
]]>
            </full-stacktrace>
          </exception> <!-- org.openqa.selenium.SessionNotCreatedException -->
          <reporter-output>
          </reporter-output>
        </test-method> <!-- fillForm -->
      </class> <!-- mobileautomation.Appium.E_Commerce_TestCase_3 -->
    </test> <!-- Default test -->
  </suite> <!-- Default suite -->
</testng-results>
