<?xml version="1.0" encoding="UTF-8"?>
<testng-results ignored="0" total="1" passed="1" failed="0" skipped="0">
  <reporter-output>
  </reporter-output>
  <suite started-at="2023-04-06T17:32:57 IST" name="Default suite" finished-at="2023-04-06T17:33:20 IST" duration-ms="22801">
    <groups>
    </groups>
    <test started-at="2023-04-06T17:32:57 IST" name="Default test" finished-at="2023-04-06T17:33:20 IST" duration-ms="22801">
      <class name="mobileautomation.Appium.MobileBrowserTest">
        <test-method signature="browserTest()[pri:0, instance:mobileautomation.Appium.MobileBrowserTest@7d0b7e3c]" started-at="2023-04-06T17:32:57 IST" name="browserTest" finished-at="2023-04-06T17:33:20 IST" duration-ms="22749" status="PASS">
          <reporter-output>
          </reporter-output>
        </test-method> <!-- browserTest -->
      </class> <!-- mobileautomation.Appium.MobileBrowserTest -->
    </test> <!-- Default test -->
  </suite> <!-- Default suite -->
</testng-results>
